<?xml version="1.0" encoding="UTF-8"?>
<testsuite xmlns:xsi="http://www.w3.org/2001/XMLSchema-instance" xsi:noNamespaceSchemaLocation="https://maven.apache.org/surefire/maven-surefire-plugin/xsd/surefire-test-report.xsd" name="test.users.UserTests" time="16.637" tests="4" errors="0" skipped="0" failures="0">
  <properties>
    <property name="sun.desktop" value="gnome"/>
    <property name="awt.toolkit" value="sun.awt.X11.XToolkit"/>
    <property name="java.specification.version" value="11"/>
    <property name="sun.cpu.isalist" value=""/>
    <property name="sun.jnu.encoding" value="UTF-8"/>
    <property name="java.class.path" value="/home/letmachado/Documentos/bootcamp/testes de api - dos manuais aos automatizados/APIAutomationRestAssured/target/test-classes:/home/letmachado/Documentos/bootcamp/testes de api - dos manuais aos automatizados/APIAutomationRestAssured/target/classes:/home/letmachado/.m2/repository/io/rest-assured/json-path/5.1.1/json-path-5.1.1.jar:/home/letmachado/.m2/repository/org/apache/groovy/groovy-json/4.0.1/groovy-json-4.0.1.jar:/home/letmachado/.m2/repository/org/apache/groovy/groovy/4.0.1/groovy-4.0.1.jar:/home/letmachado/.m2/repository/io/rest-assured/rest-assured-common/5.1.1/rest-assured-common-5.1.1.jar:/home/letmachado/.m2/repository/io/rest-assured/rest-assured/5.1.1/rest-assured-5.1.1.jar:/home/letmachado/.m2/repository/org/apache/groovy/groovy-xml/4.0.1/groovy-xml-4.0.1.jar:/home/letmachado/.m2/repository/org/apache/httpcomponents/httpclient/4.5.13/httpclient-4.5.13.jar:/home/letmachado/.m2/repository/org/apache/httpcomponents/httpcore/4.4.13/httpcore-4.4.13.jar:/home/letmachado/.m2/repository/commons-logging/commons-logging/1.2/commons-logging-1.2.jar:/home/letmachado/.m2/repository/commons-codec/commons-codec/1.11/commons-codec-1.11.jar:/home/letmachado/.m2/repository/org/apache/httpcomponents/httpmime/4.5.13/httpmime-4.5.13.jar:/home/letmachado/.m2/repository/org/hamcrest/hamcrest/2.1/hamcrest-2.1.jar:/home/letmachado/.m2/repository/org/ccil/cowan/tagsoup/tagsoup/1.2.1/tagsoup-1.2.1.jar:/home/letmachado/.m2/repository/io/rest-assured/xml-path/5.1.1/xml-path-5.1.1.jar:/home/letmachado/.m2/repository/io/rest-assured/json-schema-validator/5.1.1/json-schema-validator-5.1.1.jar:/home/letmachado/.m2/repository/com/github/java-json-tools/json-schema-validator/2.2.14/json-schema-validator-2.2.14.jar:/home/letmachado/.m2/repository/com/google/guava/guava/28.2-android/guava-28.2-android.jar:/home/letmachado/.m2/repository/com/google/guava/failureaccess/1.0.1/failureaccess-1.0.1.jar:/home/letmachado/.m2/repository/com/google/guava/listenablefuture/9999.0-empty-to-avoid-conflict-with-guava/listenablefuture-9999.0-empty-to-avoid-conflict-with-guava.jar:/home/letmachado/.m2/repository/org/checkerframework/checker-compat-qual/2.5.5/checker-compat-qual-2.5.5.jar:/home/letmachado/.m2/repository/com/google/errorprone/error_prone_annotations/2.3.4/error_prone_annotations-2.3.4.jar:/home/letmachado/.m2/repository/com/google/j2objc/j2objc-annotations/1.3/j2objc-annotations-1.3.jar:/home/letmachado/.m2/repository/com/github/java-json-tools/jackson-coreutils-equivalence/1.0/jackson-coreutils-equivalence-1.0.jar:/home/letmachado/.m2/repository/com/fasterxml/jackson/core/jackson-databind/2.11.0/jackson-databind-2.11.0.jar:/home/letmachado/.m2/repository/com/fasterxml/jackson/core/jackson-annotations/2.11.0/jackson-annotations-2.11.0.jar:/home/letmachado/.m2/repository/com/fasterxml/jackson/core/jackson-core/2.11.0/jackson-core-2.11.0.jar:/home/letmachado/.m2/repository/com/github/java-json-tools/jackson-coreutils/2.0/jackson-coreutils-2.0.jar:/home/letmachado/.m2/repository/com/github/java-json-tools/msg-simple/1.2/msg-simple-1.2.jar:/home/letmachado/.m2/repository/com/github/java-json-tools/btf/1.3/btf-1.3.jar:/home/letmachado/.m2/repository/com/github/java-json-tools/json-schema-core/1.2.14/json-schema-core-1.2.14.jar:/home/letmachado/.m2/repository/com/github/java-json-tools/uri-template/0.10/uri-template-0.10.jar:/home/letmachado/.m2/repository/org/mozilla/rhino/1.7.7.2/rhino-1.7.7.2.jar:/home/letmachado/.m2/repository/com/sun/mail/mailapi/1.6.2/mailapi-1.6.2.jar:/home/letmachado/.m2/repository/joda-time/joda-time/2.10.5/joda-time-2.10.5.jar:/home/letmachado/.m2/repository/com/googlecode/libphonenumber/libphonenumber/8.11.1/libphonenumber-8.11.1.jar:/home/letmachado/.m2/repository/com/google/code/findbugs/jsr305/3.0.2/jsr305-3.0.2.jar:/home/letmachado/.m2/repository/net/sf/jopt-simple/jopt-simple/5.0.4/jopt-simple-5.0.4.jar:/home/letmachado/.m2/repository/org/junit/jupiter/junit-jupiter/5.9.0/junit-jupiter-5.9.0.jar:/home/letmachado/.m2/repository/org/junit/jupiter/junit-jupiter-api/5.9.0/junit-jupiter-api-5.9.0.jar:/home/letmachado/.m2/repository/org/opentest4j/opentest4j/1.2.0/opentest4j-1.2.0.jar:/home/letmachado/.m2/repository/org/junit/platform/junit-platform-commons/1.9.0/junit-platform-commons-1.9.0.jar:/home/letmachado/.m2/repository/org/apiguardian/apiguardian-api/1.1.2/apiguardian-api-1.1.2.jar:/home/letmachado/.m2/repository/org/junit/jupiter/junit-jupiter-params/5.9.0/junit-jupiter-params-5.9.0.jar:/home/letmachado/.m2/repository/org/junit/jupiter/junit-jupiter-engine/5.9.0/junit-jupiter-engine-5.9.0.jar:/home/letmachado/.m2/repository/org/junit/platform/junit-platform-engine/1.9.0/junit-platform-engine-1.9.0.jar:/home/letmachado/.m2/repository/com/github/javafaker/javafaker/1.0.2/javafaker-1.0.2.jar:/home/letmachado/.m2/repository/org/apache/commons/commons-lang3/3.5/commons-lang3-3.5.jar:/home/letmachado/.m2/repository/org/yaml/snakeyaml/1.23/snakeyaml-1.23-android.jar:/home/letmachado/.m2/repository/com/github/mifmif/generex/1.0.2/generex-1.0.2.jar:/home/letmachado/.m2/repository/dk/brics/automaton/automaton/1.11-8/automaton-1.11-8.jar:"/>
    <property name="java.vm.vendor" value="Flathub"/>
    <property name="sun.arch.data.model" value="64"/>
    <property name="java.vendor.url" value="https://flathub.org"/>
    <property name="user.timezone" value=""/>
    <property name="java.vm.specification.version" value="11"/>
    <property name="os.name" value="Linux"/>
    <property name="user.country" value="BR"/>
    <property name="sun.java.launcher" value="SUN_STANDARD"/>
    <property name="sun.boot.library.path" value="/app/jdk/lib"/>
    <property name="sun.java.command" value="/home/letmachado/Documentos/bootcamp/testes de api - dos manuais aos automatizados/APIAutomationRestAssured/target/surefire/surefirebooter2367812908737480387.jar /home/letmachado/Documentos/bootcamp/testes de api - dos manuais aos automatizados/APIAutomationRestAssured/target/surefire 2023-01-03T21-30-31_130-jvmRun1 surefire1753883569597038430tmp surefire_014715207039562939432tmp"/>
    <property name="jdk.debug" value="release"/>
    <property name="test" value="test.users.UserTests"/>
    <property name="surefire.test.class.path" value="/home/letmachado/Documentos/bootcamp/testes de api - dos manuais aos automatizados/APIAutomationRestAssured/target/test-classes:/home/letmachado/Documentos/bootcamp/testes de api - dos manuais aos automatizados/APIAutomationRestAssured/target/classes:/home/letmachado/.m2/repository/io/rest-assured/json-path/5.1.1/json-path-5.1.1.jar:/home/letmachado/.m2/repository/org/apache/groovy/groovy-json/4.0.1/groovy-json-4.0.1.jar:/home/letmachado/.m2/repository/org/apache/groovy/groovy/4.0.1/groovy-4.0.1.jar:/home/letmachado/.m2/repository/io/rest-assured/rest-assured-common/5.1.1/rest-assured-common-5.1.1.jar:/home/letmachado/.m2/repository/io/rest-assured/rest-assured/5.1.1/rest-assured-5.1.1.jar:/home/letmachado/.m2/repository/org/apache/groovy/groovy-xml/4.0.1/groovy-xml-4.0.1.jar:/home/letmachado/.m2/repository/org/apache/httpcomponents/httpclient/4.5.13/httpclient-4.5.13.jar:/home/letmachado/.m2/repository/org/apache/httpcomponents/httpcore/4.4.13/httpcore-4.4.13.jar:/home/letmachado/.m2/repository/commons-logging/commons-logging/1.2/commons-logging-1.2.jar:/home/letmachado/.m2/repository/commons-codec/commons-codec/1.11/commons-codec-1.11.jar:/home/letmachado/.m2/repository/org/apache/httpcomponents/httpmime/4.5.13/httpmime-4.5.13.jar:/home/letmachado/.m2/repository/org/hamcrest/hamcrest/2.1/hamcrest-2.1.jar:/home/letmachado/.m2/repository/org/ccil/cowan/tagsoup/tagsoup/1.2.1/tagsoup-1.2.1.jar:/home/letmachado/.m2/repository/io/rest-assured/xml-path/5.1.1/xml-path-5.1.1.jar:/home/letmachado/.m2/repository/io/rest-assured/json-schema-validator/5.1.1/json-schema-validator-5.1.1.jar:/home/letmachado/.m2/repository/com/github/java-json-tools/json-schema-validator/2.2.14/json-schema-validator-2.2.14.jar:/home/letmachado/.m2/repository/com/google/guava/guava/28.2-android/guava-28.2-android.jar:/home/letmachado/.m2/repository/com/google/guava/failureaccess/1.0.1/failureaccess-1.0.1.jar:/home/letmachado/.m2/repository/com/google/guava/listenablefuture/9999.0-empty-to-avoid-conflict-with-guava/listenablefuture-9999.0-empty-to-avoid-conflict-with-guava.jar:/home/letmachado/.m2/repository/org/checkerframework/checker-compat-qual/2.5.5/checker-compat-qual-2.5.5.jar:/home/letmachado/.m2/repository/com/google/errorprone/error_prone_annotations/2.3.4/error_prone_annotations-2.3.4.jar:/home/letmachado/.m2/repository/com/google/j2objc/j2objc-annotations/1.3/j2objc-annotations-1.3.jar:/home/letmachado/.m2/repository/com/github/java-json-tools/jackson-coreutils-equivalence/1.0/jackson-coreutils-equivalence-1.0.jar:/home/letmachado/.m2/repository/com/fasterxml/jackson/core/jackson-databind/2.11.0/jackson-databind-2.11.0.jar:/home/letmachado/.m2/repository/com/fasterxml/jackson/core/jackson-annotations/2.11.0/jackson-annotations-2.11.0.jar:/home/letmachado/.m2/repository/com/fasterxml/jackson/core/jackson-core/2.11.0/jackson-core-2.11.0.jar:/home/letmachado/.m2/repository/com/github/java-json-tools/jackson-coreutils/2.0/jackson-coreutils-2.0.jar:/home/letmachado/.m2/repository/com/github/java-json-tools/msg-simple/1.2/msg-simple-1.2.jar:/home/letmachado/.m2/repository/com/github/java-json-tools/btf/1.3/btf-1.3.jar:/home/letmachado/.m2/repository/com/github/java-json-tools/json-schema-core/1.2.14/json-schema-core-1.2.14.jar:/home/letmachado/.m2/repository/com/github/java-json-tools/uri-template/0.10/uri-template-0.10.jar:/home/letmachado/.m2/repository/org/mozilla/rhino/1.7.7.2/rhino-1.7.7.2.jar:/home/letmachado/.m2/repository/com/sun/mail/mailapi/1.6.2/mailapi-1.6.2.jar:/home/letmachado/.m2/repository/joda-time/joda-time/2.10.5/joda-time-2.10.5.jar:/home/letmachado/.m2/repository/com/googlecode/libphonenumber/libphonenumber/8.11.1/libphonenumber-8.11.1.jar:/home/letmachado/.m2/repository/com/google/code/findbugs/jsr305/3.0.2/jsr305-3.0.2.jar:/home/letmachado/.m2/repository/net/sf/jopt-simple/jopt-simple/5.0.4/jopt-simple-5.0.4.jar:/home/letmachado/.m2/repository/org/junit/jupiter/junit-jupiter/5.9.0/junit-jupiter-5.9.0.jar:/home/letmachado/.m2/repository/org/junit/jupiter/junit-jupiter-api/5.9.0/junit-jupiter-api-5.9.0.jar:/home/letmachado/.m2/repository/org/opentest4j/opentest4j/1.2.0/opentest4j-1.2.0.jar:/home/letmachado/.m2/repository/org/junit/platform/junit-platform-commons/1.9.0/junit-platform-commons-1.9.0.jar:/home/letmachado/.m2/repository/org/apiguardian/apiguardian-api/1.1.2/apiguardian-api-1.1.2.jar:/home/letmachado/.m2/repository/org/junit/jupiter/junit-jupiter-params/5.9.0/junit-jupiter-params-5.9.0.jar:/home/letmachado/.m2/repository/org/junit/jupiter/junit-jupiter-engine/5.9.0/junit-jupiter-engine-5.9.0.jar:/home/letmachado/.m2/repository/org/junit/platform/junit-platform-engine/1.9.0/junit-platform-engine-1.9.0.jar:/home/letmachado/.m2/repository/com/github/javafaker/javafaker/1.0.2/javafaker-1.0.2.jar:/home/letmachado/.m2/repository/org/apache/commons/commons-lang3/3.5/commons-lang3-3.5.jar:/home/letmachado/.m2/repository/org/yaml/snakeyaml/1.23/snakeyaml-1.23-android.jar:/home/letmachado/.m2/repository/com/github/mifmif/generex/1.0.2/generex-1.0.2.jar:/home/letmachado/.m2/repository/dk/brics/automaton/automaton/1.11-8/automaton-1.11-8.jar:"/>
    <property name="sun.cpu.endian" value="little"/>
    <property name="user.home" value="/home/letmachado"/>
    <property name="user.language" value="pt"/>
    <property name="java.specification.vendor" value="Oracle Corporation"/>
    <property name="java.version.date" value="2022-08-12"/>
    <property name="java.home" value="/app/jdk"/>
    <property name="file.separator" value="/"/>
    <property name="basedir" value="/home/letmachado/Documentos/bootcamp/testes de api - dos manuais aos automatizados/APIAutomationRestAssured"/>
    <property name="java.vm.compressedOopsMode" value="32-bit"/>
    <property name="line.separator" value="&#10;"/>
    <property name="java.specification.name" value="Java Platform API Specification"/>
    <property name="java.vm.specification.vendor" value="Oracle Corporation"/>
    <property name="java.awt.graphicsenv" value="sun.awt.X11GraphicsEnvironment"/>
    <property name="surefire.real.class.path" value="/home/letmachado/Documentos/bootcamp/testes de api - dos manuais aos automatizados/APIAutomationRestAssured/target/surefire/surefirebooter2367812908737480387.jar"/>
    <property name="sun.management.compiler" value="HotSpot 64-Bit Tiered Compilers"/>
    <property name="java.runtime.version" value="11.0.16.1+8"/>
    <property name="user.name" value="letmachado"/>
    <property name="path.separator" value=":"/>
    <property name="os.version" value="5.4.0-135-generic"/>
    <property name="java.runtime.name" value="OpenJDK Runtime Environment"/>
    <property name="file.encoding" value="UTF-8"/>
    <property name="java.vm.name" value="OpenJDK 64-Bit Server VM"/>
    <property name="java.vendor.version" value="18.9"/>
    <property name="maven.ext.class.path" value="/app/netbeans/java/maven-nblib/netbeans-eventspy.jar"/>
    <property name="localRepository" value="/home/letmachado/.m2/repository"/>
    <property name="java.vendor.url.bug" value="https://bugreport.java.com/bugreport/"/>
    <property name="java.io.tmpdir" value="/tmp"/>
    <property name="java.version" value="11.0.16.1"/>
    <property name="user.dir" value="/home/letmachado/Documentos/bootcamp/testes de api - dos manuais aos automatizados/APIAutomationRestAssured"/>
    <property name="os.arch" value="amd64"/>
    <property name="java.vm.specification.name" value="Java Virtual Machine Specification"/>
    <property name="java.awt.printerjob" value="sun.print.PSPrinterJob"/>
    <property name="sun.os.patch.level" value="unknown"/>
    <property name="java.library.path" value=":/usr/java/packages/lib:/usr/lib64:/lib64:/lib:/usr/lib"/>
    <property name="java.vm.info" value="mixed mode"/>
    <property name="java.vendor" value="Flathub"/>
    <property name="java.vm.version" value="11.0.16.1+8"/>
    <property name="sun.io.unicode.encoding" value="UnicodeLittle"/>
    <property name="java.class.version" value="55.0"/>
  </properties>
  <testcase name="CreateNewUser_ValidUser_ReturnOk" classname="test.users.UserTests" time="12.371"/>
  <testcase name="GetUserByUsername_ValidUser_ReturnOk" classname="test.users.UserTests" time="0.865"/>
  <testcase name="DeleteUser_ValidUser_ReturnOk" classname="test.users.UserTests" time="0.834"/>
  <testcase name="CreateNewUser_InvalidUser_ReturnBadRequest" classname="test.users.UserTests" time="0.983"/>
</testsuite>